2026-06-12T15:41:23.000Z dictation_diagnostics_session_start pid=2521 version=0.6.22 build=20260609180743 source=dist-xcodebuild-release commit=92c3dfdfbade
2026-06-12T15:55:32.092Z dictation_diagnostics_session_start pid=2899 version=0.6.22 build=20260609180743 source=dist-xcodebuild-release commit=92c3dfdfbade
2026-06-12T15:55:50.840Z shared_mic_engine_start_timing vpio=false buffer_size=4096 set_vpio_ms=0.537 ducking_ms=0.000 output_format_ms=0.016 install_tap_ms=0.117 audio_engine_start_ms=91.701 total_ms=259.173
2026-06-12T15:55:50.841Z shared_mic_engine_input_device_started source=system_default device=present transport=usb vpio=false set_device_ms=0.000 start_engine_ms=260.065
2026-06-12T15:55:50.842Z shared_mic_diagnostics transition=subscribe wants_vpio=false blocks_vpio_promotion=true subscribers=1 vpio_subs=0 passive_subs=0 engine_running=true vpio_engaged=false vpio_deferred=false vpio_deferral_count=0
2026-06-12T15:55:53.900Z shared_mic_engine_stopped
2026-06-12T15:55:53.901Z shared_mic_diagnostics transition=unsubscribe wants_vpio=n/a blocks_vpio_promotion=n/a subscribers=0 vpio_subs=0 passive_subs=0 engine_running=false vpio_engaged=false vpio_deferred=false vpio_deferral_count=0
2026-06-12T15:55:55.209Z shared_mic_engine_start_timing vpio=false buffer_size=4096 set_vpio_ms=0.008 ducking_ms=0.000 output_format_ms=0.039 install_tap_ms=0.013 audio_engine_start_ms=78.560 total_ms=169.319
2026-06-12T15:55:55.210Z shared_mic_engine_input_device_started source=system_default device=present transport=usb vpio=false set_device_ms=0.000 start_engine_ms=170.197
2026-06-12T15:55:55.210Z shared_mic_diagnostics transition=subscribe wants_vpio=false blocks_vpio_promotion=true subscribers=1 vpio_subs=0 passive_subs=0 engine_running=true vpio_engaged=false vpio_deferred=false vpio_deferral_count=0
2026-06-12T15:55:56.762Z shared_mic_engine_stopped
2026-06-12T15:55:56.763Z shared_mic_diagnostics transition=unsubscribe wants_vpio=n/a blocks_vpio_promotion=n/a subscribers=0 vpio_subs=0 passive_subs=0 engine_running=false vpio_engaged=false vpio_deferred=false vpio_deferral_count=0
2026-06-12T15:56:04.397Z shared_mic_engine_start_timing vpio=false buffer_size=4096 set_vpio_ms=0.013 ducking_ms=0.000 output_format_ms=0.014 install_tap_ms=0.006 audio_engine_start_ms=81.992 total_ms=207.057
2026-06-12T15:56:04.399Z shared_mic_engine_input_device_started source=system_default device=present transport=usb vpio=false set_device_ms=0.000 start_engine_ms=208.239
2026-06-12T15:56:04.399Z shared_mic_diagnostics transition=subscribe wants_vpio=false blocks_vpio_promotion=true subscribers=1 vpio_subs=0 passive_subs=0 engine_running=true vpio_engaged=false vpio_deferred=false vpio_deferral_count=0
2026-06-12T15:56:05.785Z shared_mic_engine_stopped
2026-06-12T15:56:05.786Z shared_mic_diagnostics transition=unsubscribe wants_vpio=n/a blocks_vpio_promotion=n/a subscribers=0 vpio_subs=0 passive_subs=0 engine_running=false vpio_engaged=false vpio_deferred=false vpio_deferral_count=0
2026-06-12T15:56:21.461Z shared_mic_engine_start_timing vpio=false buffer_size=4096 set_vpio_ms=0.008 ducking_ms=0.000 output_format_ms=0.019 install_tap_ms=0.007 audio_engine_start_ms=67.528 total_ms=165.043
2026-06-12T15:56:21.462Z shared_mic_engine_input_device_started source=system_default device=present transport=usb vpio=false set_device_ms=0.000 start_engine_ms=166.334
2026-06-12T15:56:21.463Z shared_mic_diagnostics transition=subscribe wants_vpio=false blocks_vpio_promotion=true subscribers=1 vpio_subs=0 passive_subs=0 engine_running=true vpio_engaged=false vpio_deferred=false vpio_deferral_count=0
2026-06-12T15:56:32.191Z shared_mic_engine_stopped
2026-06-12T15:56:32.191Z shared_mic_diagnostics transition=unsubscribe wants_vpio=n/a blocks_vpio_promotion=n/a subscribers=0 vpio_subs=0 passive_subs=0 engine_running=false vpio_engaged=false vpio_deferred=false vpio_deferral_count=0
2026-06-12T16:59:55.192Z meeting_live_chunking_mode session=D9D42382-EAAE-450B-A2D8-A0EA9B049149 mode=vad reason=started
2026-06-12T16:59:55.193Z meeting_mic_capture_starting requested_mode=raw default_input=present default_input_transport=usb
2026-06-12T16:59:55.336Z shared_mic_engine_start_timing vpio=false buffer_size=4096 set_vpio_ms=0.009 ducking_ms=0.000 output_format_ms=0.026 install_tap_ms=0.005 audio_engine_start_ms=67.383 total_ms=139.179
2026-06-12T16:59:55.337Z shared_mic_engine_input_device_started source=system_default device=present transport=usb vpio=false set_device_ms=0.000 start_engine_ms=140.023
2026-06-12T16:59:55.337Z shared_mic_diagnostics transition=subscribe wants_vpio=false blocks_vpio_promotion=true subscribers=1 vpio_subs=0 passive_subs=0 engine_running=true vpio_engaged=false vpio_deferred=false vpio_deferral_count=0
2026-06-12T16:59:55.338Z meeting_mic_processing mode=raw
2026-06-12T16:59:55.338Z meeting_mic_capture_started requested_mode=raw effective_mode=raw sr=88200.0 ch=1 default_input=present default_input_transport=usb
2026-06-12T16:59:55.426Z system_audio_stream_screen_output_attached mode=discard
2026-06-12T16:59:55.441Z meeting_mic_first_buffer sr=88200.0 ch=1 interleaved=false
2026-06-12T16:59:55.641Z system_audio_stream_started sr=48000 ch=2
2026-06-12T16:59:55.642Z meeting_recording_started session=D9D42382-EAAE-450B-A2D8-A0EA9B049149 source_mode=Optional(MacParakeetCore.MeetingAudioSourceMode.microphoneAndSystem) requested_mic_mode=raw effective_mic_mode=raw
2026-06-12T16:59:55.701Z system_audio_stream_first_buffer sr=48000 ch=2
2026-06-12T17:00:16.067Z meeting_recording_stopping session=D9D42382-EAAE-450B-A2D8-A0EA9B049149
2026-06-12T17:00:16.068Z meeting_mic_capture_stopped default_input=present default_input_transport=usb
2026-06-12T17:00:16.117Z shared_mic_engine_stopped
2026-06-12T17:00:16.117Z system_audio_stream_stopped
2026-06-12T17:00:16.118Z shared_mic_diagnostics transition=unsubscribe wants_vpio=n/a blocks_vpio_promotion=n/a subscribers=0 vpio_subs=0 passive_subs=0 engine_running=false vpio_engaged=false vpio_deferred=false vpio_deferral_count=0
2026-06-12T17:00:16.323Z meeting_recording_stopped session=D9D42382-EAAE-450B-A2D8-A0EA9B049149 duration_s=21.168
2026-06-12T17:00:16.324Z meeting_recording_health session=D9D42382-EAAE-450B-A2D8-A0EA9B049149 duration_s=21.168 source_mode=microphone_and_system mic_started=true requested_mic_mode=raw effective_mic_mode=raw mic_first_buffer=true system_first_buffer=true mic_bytes=179266 system_bytes=12078 mixed_bytes=336346 mic_frames=993591 system_frames=981120 mic_chunks_enqueued=1 system_chunks_enqueued=0 mic_chunks_low_signal_dropped=0 system_chunks_low_signal_dropped=0 mic_chunks_system_dominant_dropped=0 backpressure_drops=0 transcription_failures=0 interrupted_sources=none capture_failed=false
2026-06-12T17:00:16.324Z meeting_echo_suppression_summary session=D9D42382-EAAE-450B-A2D8-A0EA9B049149 processor=passthrough loaded=true mic_frames=0 processed_frames=0 raw_fallback_frames=0 full_reference_frames=0 partial_reference_frames=0 missing_reference_frames=0 processing_failures=0
2026-06-12T17:01:12.517Z meeting_live_chunking_mode session=AE0ABF33-86A6-4C78-A002-A62BC0E733DF mode=vad reason=started
2026-06-12T17:01:12.518Z meeting_mic_capture_starting requested_mode=raw default_input=present default_input_transport=usb
2026-06-12T17:01:12.668Z shared_mic_engine_start_timing vpio=false buffer_size=4096 set_vpio_ms=0.005 ducking_ms=0.000 output_format_ms=0.022 install_tap_ms=0.007 audio_engine_start_ms=70.077 total_ms=145.482
2026-06-12T17:01:12.668Z shared_mic_engine_input_device_started source=system_default device=present transport=usb vpio=false set_device_ms=0.000 start_engine_ms=146.312
2026-06-12T17:01:12.669Z shared_mic_diagnostics transition=subscribe wants_vpio=false blocks_vpio_promotion=true subscribers=1 vpio_subs=0 passive_subs=0 engine_running=true vpio_engaged=false vpio_deferred=false vpio_deferral_count=0
2026-06-12T17:01:12.670Z meeting_mic_processing mode=raw
2026-06-12T17:01:12.670Z meeting_mic_capture_started requested_mode=raw effective_mode=raw sr=88200.0 ch=1 default_input=present default_input_transport=usb
2026-06-12T17:01:12.759Z system_audio_stream_screen_output_attached mode=discard
2026-06-12T17:01:12.772Z meeting_mic_first_buffer sr=88200.0 ch=1 interleaved=false
2026-06-12T17:01:12.893Z system_audio_stream_first_buffer sr=48000 ch=2
2026-06-12T17:01:12.893Z system_audio_stream_started sr=48000 ch=2
2026-06-12T17:01:12.894Z meeting_recording_started session=AE0ABF33-86A6-4C78-A002-A62BC0E733DF source_mode=Optional(MacParakeetCore.MeetingAudioSourceMode.microphoneAndSystem) requested_mic_mode=raw effective_mic_mode=raw
2026-06-12T17:28:59.929Z meeting_recording_stopping session=AE0ABF33-86A6-4C78-A002-A62BC0E733DF
2026-06-12T17:28:59.931Z meeting_mic_capture_stopped default_input=present default_input_transport=usb
2026-06-12T17:28:59.975Z system_audio_stream_stopped
2026-06-12T17:28:59.975Z shared_mic_engine_stopped
2026-06-12T17:28:59.976Z shared_mic_diagnostics transition=unsubscribe wants_vpio=n/a blocks_vpio_promotion=n/a subscribers=0 vpio_subs=0 passive_subs=0 engine_running=false vpio_engaged=false vpio_deferred=false vpio_deferral_count=0
2026-06-12T17:29:10.352Z meeting_recording_stopped session=AE0ABF33-86A6-4C78-A002-A62BC0E733DF duration_s=1677.836
2026-06-12T17:29:10.352Z meeting_recording_health session=AE0ABF33-86A6-4C78-A002-A62BC0E733DF duration_s=1677.836 source_mode=microphone_and_system mic_started=true requested_mic_mode=raw effective_mic_mode=raw mic_first_buffer=true system_first_buffer=true mic_bytes=14376312 system_bytes=869505 mixed_bytes=27011136 mic_frames=80025591 system_frames=80017920 mic_chunks_enqueued=244 system_chunks_enqueued=0 mic_chunks_low_signal_dropped=0 system_chunks_low_signal_dropped=0 mic_chunks_system_dominant_dropped=0 backpressure_drops=0 transcription_failures=0 interrupted_sources=none capture_failed=false
2026-06-12T17:29:10.353Z meeting_echo_suppression_summary session=AE0ABF33-86A6-4C78-A002-A62BC0E733DF processor=passthrough loaded=true mic_frames=0 processed_frames=0 raw_fallback_frames=0 full_reference_frames=0 partial_reference_frames=0 missing_reference_frames=0 processing_failures=0
2026-06-12T17:32:19.780Z meeting_live_chunking_mode session=0C8F99CC-85C5-48B3-B51F-2C9D9E1B1CC0 mode=vad reason=started
2026-06-12T17:32:19.781Z meeting_mic_capture_starting requested_mode=raw default_input=present default_input_transport=usb
2026-06-12T17:32:19.933Z shared_mic_engine_start_timing vpio=false buffer_size=4096 set_vpio_ms=0.004 ducking_ms=0.000 output_format_ms=0.034 install_tap_ms=0.010 audio_engine_start_ms=69.445 total_ms=145.880
2026-06-12T17:32:19.933Z shared_mic_engine_input_device_started source=system_default device=present transport=usb vpio=false set_device_ms=0.000 start_engine_ms=146.679
2026-06-12T17:32:19.934Z shared_mic_diagnostics transition=subscribe wants_vpio=false blocks_vpio_promotion=true subscribers=1 vpio_subs=0 passive_subs=0 engine_running=true vpio_engaged=false vpio_deferred=false vpio_deferral_count=0
2026-06-12T17:32:19.934Z meeting_mic_processing mode=raw
2026-06-12T17:32:19.935Z meeting_mic_capture_started requested_mode=raw effective_mode=raw sr=88200.0 ch=1 default_input=present default_input_transport=usb
2026-06-12T17:32:20.028Z system_audio_stream_screen_output_attached mode=discard
2026-06-12T17:32:20.036Z meeting_mic_first_buffer sr=88200.0 ch=1 interleaved=false
2026-06-12T17:32:20.162Z system_audio_stream_first_buffer sr=48000 ch=2
2026-06-12T17:32:20.163Z system_audio_stream_started sr=48000 ch=2
2026-06-12T17:32:20.164Z meeting_recording_started session=0C8F99CC-85C5-48B3-B51F-2C9D9E1B1CC0 source_mode=Optional(MacParakeetCore.MeetingAudioSourceMode.microphoneAndSystem) requested_mic_mode=raw effective_mic_mode=raw
2026-06-12T18:04:27.077Z meeting_recording_stopping session=0C8F99CC-85C5-48B3-B51F-2C9D9E1B1CC0
2026-06-12T18:04:27.079Z meeting_mic_capture_stopped default_input=present default_input_transport=usb
2026-06-12T18:04:27.118Z system_audio_stream_stopped
2026-06-12T18:04:27.126Z shared_mic_engine_stopped
2026-06-12T18:04:27.127Z shared_mic_diagnostics transition=unsubscribe wants_vpio=n/a blocks_vpio_promotion=n/a subscribers=0 vpio_subs=0 passive_subs=0 engine_running=false vpio_engaged=false vpio_deferred=false vpio_deferral_count=0
2026-06-12T18:04:47.649Z meeting_recording_stopped session=0C8F99CC-85C5-48B3-B51F-2C9D9E1B1CC0 duration_s=1947.871
2026-06-12T18:04:47.650Z meeting_recording_health session=0C8F99CC-85C5-48B3-B51F-2C9D9E1B1CC0 duration_s=1947.871 source_mode=microphone_and_system mic_started=true requested_mic_mode=raw effective_mic_mode=raw mic_first_buffer=true system_first_buffer=true mic_bytes=16663335 system_bytes=10883201 mixed_bytes=31380570 mic_frames=92500791 system_frames=92492160 mic_chunks_enqueued=211 system_chunks_enqueued=217 mic_chunks_low_signal_dropped=0 system_chunks_low_signal_dropped=10 mic_chunks_system_dominant_dropped=45 backpressure_drops=0 transcription_failures=0 interrupted_sources=none capture_failed=false
2026-06-12T18:04:47.650Z meeting_echo_suppression_summary session=0C8F99CC-85C5-48B3-B51F-2C9D9E1B1CC0 processor=passthrough loaded=true mic_frames=0 processed_frames=0 raw_fallback_frames=0 full_reference_frames=0 partial_reference_frames=0 missing_reference_frames=0 processing_failures=0
2026-06-12T18:33:47.372Z meeting_live_chunking_mode session=172B05A6-2E3E-4CE4-926F-9D3B169CCB7D mode=vad reason=started
2026-06-12T18:33:47.374Z meeting_mic_capture_starting requested_mode=raw default_input=present default_input_transport=usb
2026-06-12T18:33:47.554Z shared_mic_engine_start_timing vpio=false buffer_size=4096 set_vpio_ms=0.439 ducking_ms=0.000 output_format_ms=0.014 install_tap_ms=0.355 audio_engine_start_ms=76.607 total_ms=174.767
2026-06-12T18:33:47.555Z shared_mic_engine_input_device_started source=system_default device=present transport=usb vpio=false set_device_ms=0.000 start_engine_ms=175.554
2026-06-12T18:33:47.555Z shared_mic_diagnostics transition=subscribe wants_vpio=false blocks_vpio_promotion=true subscribers=1 vpio_subs=0 passive_subs=0 engine_running=true vpio_engaged=false vpio_deferred=false vpio_deferral_count=0
2026-06-12T18:33:47.556Z meeting_mic_processing mode=raw
2026-06-12T18:33:47.556Z meeting_mic_capture_started requested_mode=raw effective_mode=raw sr=88200.0 ch=1 default_input=present default_input_transport=usb
2026-06-12T18:33:47.655Z system_audio_stream_screen_output_attached mode=discard
2026-06-12T18:33:47.657Z meeting_mic_first_buffer sr=88200.0 ch=1 interleaved=false
2026-06-12T18:33:47.820Z system_audio_stream_started sr=48000 ch=2
2026-06-12T18:33:47.821Z system_audio_stream_first_buffer sr=48000 ch=2
2026-06-12T18:33:47.821Z meeting_recording_started session=172B05A6-2E3E-4CE4-926F-9D3B169CCB7D source_mode=Optional(MacParakeetCore.MeetingAudioSourceMode.microphoneAndSystem) requested_mic_mode=raw effective_mic_mode=raw
2026-06-12T20:10:20.680Z meeting_recording_stopping session=172B05A6-2E3E-4CE4-926F-9D3B169CCB7D
2026-06-12T20:10:20.682Z meeting_mic_capture_stopped default_input=present default_input_transport=usb
2026-06-12T20:10:20.729Z shared_mic_engine_stopped
2026-06-12T20:10:20.731Z shared_mic_diagnostics transition=unsubscribe wants_vpio=n/a blocks_vpio_promotion=n/a subscribers=0 vpio_subs=0 passive_subs=0 engine_running=false vpio_engaged=false vpio_deferred=false vpio_deferral_count=0
2026-06-12T20:10:20.736Z system_audio_stream_stopped
2026-06-12T20:11:11.969Z meeting_recording_stopped session=172B05A6-2E3E-4CE4-926F-9D3B169CCB7D duration_s=5844.599
2026-06-12T20:11:11.970Z meeting_recording_health session=172B05A6-2E3E-4CE4-926F-9D3B169CCB7D duration_s=5844.599 source_mode=microphone_and_system mic_started=true requested_mic_mode=raw effective_mic_mode=raw mic_first_buffer=true system_first_buffer=true mic_bytes=50102281 system_bytes=24335924 mixed_bytes=94424883 mic_frames=278059191 system_frames=278052480 mic_chunks_enqueued=679 system_chunks_enqueued=484 mic_chunks_low_signal_dropped=0 system_chunks_low_signal_dropped=18 mic_chunks_system_dominant_dropped=104 backpressure_drops=0 transcription_failures=0 interrupted_sources=none capture_failed=false
2026-06-12T20:11:11.971Z meeting_echo_suppression_summary session=172B05A6-2E3E-4CE4-926F-9D3B169CCB7D processor=passthrough loaded=true mic_frames=0 processed_frames=0 raw_fallback_frames=0 full_reference_frames=0 partial_reference_frames=0 missing_reference_frames=0 processing_failures=0
2026-06-12T20:31:06.614Z parakeet_variant_switch_start to=v2 engine=parakeet
2026-06-12T20:33:18.569Z parakeet_variant_switch_complete to=v2 duration_s=131.955
